{"/Users/braden/projects/fnx/src/api/action.ts": {"path":"/Users/braden/projects/fnx/src/api/action.ts","statementMap":{"0":{"start":{"line":1,"column":13},"end":{"line":1,"column":42}},"1":{"start":{"line":1,"column":42},"end":{"line":1,"column":55}},"2":{"start":{"line":2,"column":0},"end":{"line":2,"column":62}},"3":{"start":{"line":3,"column":13},"end":{"line":3,"column":31}},"4":{"start":{"line":5,"column":21},"end":{"line":7,"column":5}},"5":{"start":{"line":8,"column":4},"end":{"line":8,"column":22}},"6":{"start":{"line":10,"column":0},"end":{"line":10,"column":24}}},"fnMap":{"0":{"name":"action","decl":{"start":{"line":4,"column":9},"end":{"line":4,"column":15}},"loc":{"start":{"line":4,"column":24},"end":{"line":9,"column":1}}}},"branchMap":{},"s":{"0":1,"1":1,"2":1,"3":1,"4":1,"5":1,"6":1},"f":{"0":1},"b":{},"_coverageSchema":"332fd63041d2c1bcb487cc26dd0d5f7d97098a6c","hash":"954234fa95e4a6b46341092485b98eb2d3187ff7"}
,"/Users/braden/projects/fnx/src/core/description.ts": {"path":"/Users/braden/projects/fnx/src/core/description.ts","statementMap":{"0":{"start":{"line":1,"column":13},"end":{"line":1,"column":42}},"1":{"start":{"line":1,"column":42},"end":{"line":1,"column":55}},"2":{"start":{"line":2,"column":15},"end":{"line":9,"column":1}},"3":{"start":{"line":3,"column":4},"end":{"line":7,"column":5}},"4":{"start":{"line":4,"column":8},"end":{"line":4,"column":25}},"5":{"start":{"line":5,"column":8},"end":{"line":6,"column":24}},"6":{"start":{"line":5,"column":25},"end":{"line":6,"column":24}},"7":{"start":{"line":6,"column":12},"end":{"line":6,"column":24}},"8":{"start":{"line":8,"column":4},"end":{"line":8,"column":13}},"9":{"start":{"line":10,"column":0},"end":{"line":10,"column":62}},"10":{"start":{"line":11,"column":12},"end":{"line":11,"column":32}},"11":{"start":{"line":12,"column":13},"end":{"line":12,"column":31}},"12":{"start":{"line":14,"column":27},"end":{"line":25,"column":6}},"13":{"start":{"line":27,"column":24},"end":{"line":27,"column":37}},"14":{"start":{"line":33,"column":4},"end":{"line":37,"column":7}},"15":{"start":{"line":39,"column":0},"end":{"line":39,"column":44}},"16":{"start":{"line":46,"column":4},"end":{"line":48,"column":5}},"17":{"start":{"line":47,"column":8},"end":{"line":47,"column":73}},"18":{"start":{"line":51,"column":29},"end":{"line":51,"column":31}},"19":{"start":{"line":52,"column":29},"end":{"line":52,"column":31}},"20":{"start":{"line":54,"column":20},"end":{"line":54,"column":46}},"21":{"start":{"line":56,"column":4},"end":{"line":82,"column":45}},"22":{"start":{"line":58,"column":8},"end":{"line":60,"column":9}},"23":{"start":{"line":59,"column":12},"end":{"line":59,"column":105}},"24":{"start":{"line":62,"column":22},"end":{"line":62,"column":61}},"25":{"start":{"line":64,"column":8},"end":{"line":68,"column":9}},"26":{"start":{"line":65,"column":12},"end":{"line":65,"column":106}},"27":{"start":{"line":67,"column":12},"end":{"line":67,"column":70}},"28":{"start":{"line":70,"column":8},"end":{"line":74,"column":9}},"29":{"start":{"line":71,"column":12},"end":{"line":71,"column":106}},"30":{"start":{"line":73,"column":12},"end":{"line":73,"column":70}},"31":{"start":{"line":76,"column":8},"end":{"line":78,"column":9}},"32":{"start":{"line":77,"column":12},"end":{"line":77,"column":73}},"33":{"start":{"line":81,"column":8},"end":{"line":81,"column":53}},"34":{"start":{"line":84,"column":19},"end":{"line":84,"column":41}},"35":{"start":{"line":86,"column":4},"end":{"line":88,"column":7}},"36":{"start":{"line":87,"column":8},"end":{"line":87,"column":38}},"37":{"start":{"line":90,"column":4},"end":{"line":92,"column":7}},"38":{"start":{"line":91,"column":8},"end":{"line":91,"column":38}},"39":{"start":{"line":94,"column":22},"end":{"line":97,"column":5}},"40":{"start":{"line":98,"column":4},"end":{"line":125,"column":7}},"41":{"start":{"line":100,"column":8},"end":{"line":102,"column":9}},"42":{"start":{"line":101,"column":12},"end":{"line":101,"column":82}},"43":{"start":{"line":104,"column":8},"end":{"line":113,"column":9}},"44":{"start":{"line":106,"column":12},"end":{"line":109,"column":13}},"45":{"start":{"line":108,"column":16},"end":{"line":108,"column":91}},"46":{"start":{"line":111,"column":12},"end":{"line":111,"column":79}},"47":{"start":{"line":112,"column":12},"end":{"line":112,"column":19}},"48":{"start":{"line":115,"column":21},"end":{"line":115,"column":60}},"49":{"start":{"line":117,"column":8},"end":{"line":119,"column":9}},"50":{"start":{"line":118,"column":12},"end":{"line":118,"column":77}},"51":{"start":{"line":121,"column":8},"end":{"line":123,"column":9}},"52":{"start":{"line":122,"column":12},"end":{"line":122,"column":79}},"53":{"start":{"line":124,"column":8},"end":{"line":124,"column":60}},"54":{"start":{"line":126,"column":4},"end":{"line":126,"column":23}},"55":{"start":{"line":133,"column":4},"end":{"line":135,"column":5}},"56":{"start":{"line":134,"column":8},"end":{"line":134,"column":56}},"57":{"start":{"line":136,"column":4},"end":{"line":136,"column":22}},"58":{"start":{"line":143,"column":4},"end":{"line":145,"column":5}},"59":{"start":{"line":144,"column":8},"end":{"line":144,"column":53}},"60":{"start":{"line":146,"column":4},"end":{"line":148,"column":5}},"61":{"start":{"line":147,"column":8},"end":{"line":147,"column":55}},"62":{"start":{"line":149,"column":4},"end":{"line":154,"column":5}},"63":{"start":{"line":150,"column":8},"end":{"line":150,"column":65}},"64":{"start":{"line":152,"column":9},"end":{"line":154,"column":5}},"65":{"start":{"line":153,"column":8},"end":{"line":153,"column":45}},"66":{"start":{"line":155,"column":4},"end":{"line":155,"column":22}},"67":{"start":{"line":162,"column":4},"end":{"line":164,"column":5}},"68":{"start":{"line":163,"column":8},"end":{"line":163,"column":70}},"69":{"start":{"line":165,"column":4},"end":{"line":167,"column":5}},"70":{"start":{"line":166,"column":8},"end":{"line":166,"column":72}},"71":{"start":{"line":168,"column":4},"end":{"line":168,"column":22}},"72":{"start":{"line":175,"column":4},"end":{"line":177,"column":5}},"73":{"start":{"line":176,"column":8},"end":{"line":176,"column":58}},"74":{"start":{"line":178,"column":4},"end":{"line":178,"column":22}},"75":{"start":{"line":185,"column":4},"end":{"line":187,"column":5}},"76":{"start":{"line":186,"column":8},"end":{"line":186,"column":51}},"77":{"start":{"line":188,"column":4},"end":{"line":190,"column":5}},"78":{"start":{"line":189,"column":8},"end":{"line":189,"column":53}},"79":{"start":{"line":191,"column":4},"end":{"line":196,"column":5}},"80":{"start":{"line":192,"column":8},"end":{"line":192,"column":65}},"81":{"start":{"line":194,"column":9},"end":{"line":196,"column":5}},"82":{"start":{"line":195,"column":8},"end":{"line":195,"column":43}},"83":{"start":{"line":197,"column":4},"end":{"line":197,"column":22}},"84":{"start":{"line":204,"column":4},"end":{"line":204,"column":36}},"85":{"start":{"line":211,"column":4},"end":{"line":225,"column":7}},"86":{"start":{"line":212,"column":8},"end":{"line":215,"column":9}},"87":{"start":{"line":213,"column":12},"end":{"line":213,"column":66}},"88":{"start":{"line":214,"column":12},"end":{"line":214,"column":19}},"89":{"start":{"line":216,"column":8},"end":{"line":218,"column":9}},"90":{"start":{"line":217,"column":12},"end":{"line":217,"column":47}},"91":{"start":{"line":219,"column":8},"end":{"line":221,"column":9}},"92":{"start":{"line":220,"column":12},"end":{"line":220,"column":55}},"93":{"start":{"line":222,"column":8},"end":{"line":224,"column":9}},"94":{"start":{"line":223,"column":12},"end":{"line":223,"column":57}},"95":{"start":{"line":226,"column":4},"end":{"line":226,"column":22}}},"fnMap":{"0":{"name":"(anonymous_0)","decl":{"start":{"line":2,"column":59},"end":{"line":2,"column":60}},"loc":{"start":{"line":2,"column":71},"end":{"line":9,"column":1}}},"1":{"name":"parseDescription","decl":{"start":{"line":32,"column":9},"end":{"line":32,"column":25}},"loc":{"start":{"line":32,"column":39},"end":{"line":38,"column":1}}},"2":{"name":"parseObjectDescriptor","decl":{"start":{"line":44,"column":9},"end":{"line":44,"column":30}},"loc":{"start":{"line":44,"column":43},"end":{"line":127,"column":1}}},"3":{"name":"(anonymous_3)","decl":{"start":{"line":86,"column":31},"end":{"line":86,"column":32}},"loc":{"start":{"line":86,"column":46},"end":{"line":88,"column":5}}},"4":{"name":"(anonymous_4)","decl":{"start":{"line":90,"column":31},"end":{"line":90,"column":32}},"loc":{"start":{"line":90,"column":46},"end":{"line":92,"column":5}}},"5":{"name":"(anonymous_5)","decl":{"start":{"line":98,"column":34},"end":{"line":98,"column":35}},"loc":{"start":{"line":98,"column":49},"end":{"line":125,"column":5}}},"6":{"name":"parseActionDescriptor","decl":{"start":{"line":132,"column":9},"end":{"line":132,"column":30}},"loc":{"start":{"line":132,"column":43},"end":{"line":137,"column":1}}},"7":{"name":"parseArrayOfDescriptor","decl":{"start":{"line":142,"column":9},"end":{"line":142,"column":31}},"loc":{"start":{"line":142,"column":44},"end":{"line":156,"column":1}}},"8":{"name":"parseComplexDescriptor","decl":{"start":{"line":161,"column":9},"end":{"line":161,"column":31}},"loc":{"start":{"line":161,"column":44},"end":{"line":169,"column":1}}},"9":{"name":"parseComputedDescriptor","decl":{"start":{"line":174,"column":9},"end":{"line":174,"column":32}},"loc":{"start":{"line":174,"column":45},"end":{"line":179,"column":1}}},"10":{"name":"parseMapOfDescriptor","decl":{"start":{"line":184,"column":9},"end":{"line":184,"column":29}},"loc":{"start":{"line":184,"column":42},"end":{"line":198,"column":1}}},"11":{"name":"parsePrimitiveDescriptor","decl":{"start":{"line":203,"column":9},"end":{"line":203,"column":33}},"loc":{"start":{"line":203,"column":46},"end":{"line":205,"column":1}}},"12":{"name":"parseOneOfDescriptor","decl":{"start":{"line":210,"column":9},"end":{"line":210,"column":29}},"loc":{"start":{"line":210,"column":42},"end":{"line":227,"column":1}}},"13":{"name":"(anonymous_13)","decl":{"start":{"line":211,"column":29},"end":{"line":211,"column":30}},"loc":{"start":{"line":211,"column":52},"end":{"line":225,"column":5}}}},"branchMap":{"0":{"loc":{"start":{"line":2,"column":15},"end":{"line":9,"column":1}},"type":"binary-expr","locations":[{"start":{"line":2,"column":16},"end":{"line":2,"column":20}},{"start":{"line":2,"column":24},"end":{"line":2,"column":37}},{"start":{"line":2,"column":42},"end":{"line":2,"column":55}},{"start":{"line":2,"column":59},"end":{"line":9,"column":1}}]},"1":{"loc":{"start":{"line":5,"column":25},"end":{"line":6,"column":24}},"type":"if","locations":[{"start":{"line":5,"column":25},"end":{"line":6,"column":24}},{"start":{"line":5,"column":25},"end":{"line":6,"column":24}}]},"2":{"loc":{"start":{"line":46,"column":4},"end":{"line":48,"column":5}},"type":"if","locations":[{"start":{"line":46,"column":4},"end":{"line":48,"column":5}},{"start":{"line":46,"column":4},"end":{"line":48,"column":5}}]},"3":{"loc":{"start":{"line":58,"column":8},"end":{"line":60,"column":9}},"type":"if","locations":[{"start":{"line":58,"column":8},"end":{"line":60,"column":9}},{"start":{"line":58,"column":8},"end":{"line":60,"column":9}}]},"4":{"loc":{"start":{"line":64,"column":8},"end":{"line":68,"column":9}},"type":"if","locations":[{"start":{"line":64,"column":8},"end":{"line":68,"column":9}},{"start":{"line":64,"column":8},"end":{"line":68,"column":9}}]},"5":{"loc":{"start":{"line":70,"column":8},"end":{"line":74,"column":9}},"type":"if","locations":[{"start":{"line":70,"column":8},"end":{"line":74,"column":9}},{"start":{"line":70,"column":8},"end":{"line":74,"column":9}}]},"6":{"loc":{"start":{"line":76,"column":8},"end":{"line":78,"column":9}},"type":"if","locations":[{"start":{"line":76,"column":8},"end":{"line":78,"column":9}},{"start":{"line":76,"column":8},"end":{"line":78,"column":9}}]},"7":{"loc":{"start":{"line":100,"column":8},"end":{"line":102,"column":9}},"type":"if","locations":[{"start":{"line":100,"column":8},"end":{"line":102,"column":9}},{"start":{"line":100,"column":8},"end":{"line":102,"column":9}}]},"8":{"loc":{"start":{"line":104,"column":8},"end":{"line":113,"column":9}},"type":"if","locations":[{"start":{"line":104,"column":8},"end":{"line":113,"column":9}},{"start":{"line":104,"column":8},"end":{"line":113,"column":9}}]},"9":{"loc":{"start":{"line":106,"column":12},"end":{"line":109,"column":13}},"type":"if","locations":[{"start":{"line":106,"column":12},"end":{"line":109,"column":13}},{"start":{"line":106,"column":12},"end":{"line":109,"column":13}}]},"10":{"loc":{"start":{"line":117,"column":8},"end":{"line":119,"column":9}},"type":"if","locations":[{"start":{"line":117,"column":8},"end":{"line":119,"column":9}},{"start":{"line":117,"column":8},"end":{"line":119,"column":9}}]},"11":{"loc":{"start":{"line":121,"column":8},"end":{"line":123,"column":9}},"type":"if","locations":[{"start":{"line":121,"column":8},"end":{"line":123,"column":9}},{"start":{"line":121,"column":8},"end":{"line":123,"column":9}}]},"12":{"loc":{"start":{"line":133,"column":4},"end":{"line":135,"column":5}},"type":"if","locations":[{"start":{"line":133,"column":4},"end":{"line":135,"column":5}},{"start":{"line":133,"column":4},"end":{"line":135,"column":5}}]},"13":{"loc":{"start":{"line":143,"column":4},"end":{"line":145,"column":5}},"type":"if","locations":[{"start":{"line":143,"column":4},"end":{"line":145,"column":5}},{"start":{"line":143,"column":4},"end":{"line":145,"column":5}}]},"14":{"loc":{"start":{"line":146,"column":4},"end":{"line":148,"column":5}},"type":"if","locations":[{"start":{"line":146,"column":4},"end":{"line":148,"column":5}},{"start":{"line":146,"column":4},"end":{"line":148,"column":5}}]},"15":{"loc":{"start":{"line":149,"column":4},"end":{"line":154,"column":5}},"type":"if","locations":[{"start":{"line":149,"column":4},"end":{"line":154,"column":5}},{"start":{"line":149,"column":4},"end":{"line":154,"column":5}}]},"16":{"loc":{"start":{"line":149,"column":8},"end":{"line":149,"column":90}},"type":"binary-expr","locations":[{"start":{"line":149,"column":8},"end":{"line":149,"column":36}},{"start":{"line":149,"column":40},"end":{"line":149,"column":90}}]},"17":{"loc":{"start":{"line":152,"column":9},"end":{"line":154,"column":5}},"type":"if","locations":[{"start":{"line":152,"column":9},"end":{"line":154,"column":5}},{"start":{"line":152,"column":9},"end":{"line":154,"column":5}}]},"18":{"loc":{"start":{"line":162,"column":4},"end":{"line":164,"column":5}},"type":"if","locations":[{"start":{"line":162,"column":4},"end":{"line":164,"column":5}},{"start":{"line":162,"column":4},"end":{"line":164,"column":5}}]},"19":{"loc":{"start":{"line":165,"column":4},"end":{"line":167,"column":5}},"type":"if","locations":[{"start":{"line":165,"column":4},"end":{"line":167,"column":5}},{"start":{"line":165,"column":4},"end":{"line":167,"column":5}}]},"20":{"loc":{"start":{"line":175,"column":4},"end":{"line":177,"column":5}},"type":"if","locations":[{"start":{"line":175,"column":4},"end":{"line":177,"column":5}},{"start":{"line":175,"column":4},"end":{"line":177,"column":5}}]},"21":{"loc":{"start":{"line":185,"column":4},"end":{"line":187,"column":5}},"type":"if","locations":[{"start":{"line":185,"column":4},"end":{"line":187,"column":5}},{"start":{"line":185,"column":4},"end":{"line":187,"column":5}}]},"22":{"loc":{"start":{"line":188,"column":4},"end":{"line":190,"column":5}},"type":"if","locations":[{"start":{"line":188,"column":4},"end":{"line":190,"column":5}},{"start":{"line":188,"column":4},"end":{"line":190,"column":5}}]},"23":{"loc":{"start":{"line":191,"column":4},"end":{"line":196,"column":5}},"type":"if","locations":[{"start":{"line":191,"column":4},"end":{"line":196,"column":5}},{"start":{"line":191,"column":4},"end":{"line":196,"column":5}}]},"24":{"loc":{"start":{"line":191,"column":8},"end":{"line":191,"column":84}},"type":"binary-expr","locations":[{"start":{"line":191,"column":8},"end":{"line":191,"column":36}},{"start":{"line":191,"column":40},"end":{"line":191,"column":84}}]},"25":{"loc":{"start":{"line":194,"column":9},"end":{"line":196,"column":5}},"type":"if","locations":[{"start":{"line":194,"column":9},"end":{"line":196,"column":5}},{"start":{"line":194,"column":9},"end":{"line":196,"column":5}}]},"26":{"loc":{"start":{"line":212,"column":8},"end":{"line":215,"column":9}},"type":"if","locations":[{"start":{"line":212,"column":8},"end":{"line":215,"column":9}},{"start":{"line":212,"column":8},"end":{"line":215,"column":9}}]},"27":{"loc":{"start":{"line":212,"column":12},"end":{"line":212,"column":72}},"type":"binary-expr","locations":[{"start":{"line":212,"column":12},"end":{"line":212,"column":29}},{"start":{"line":212,"column":33},"end":{"line":212,"column":72}}]},"28":{"loc":{"start":{"line":216,"column":8},"end":{"line":218,"column":9}},"type":"if","locations":[{"start":{"line":216,"column":8},"end":{"line":218,"column":9}},{"start":{"line":216,"column":8},"end":{"line":218,"column":9}}]},"29":{"loc":{"start":{"line":219,"column":8},"end":{"line":221,"column":9}},"type":"if","locations":[{"start":{"line":219,"column":8},"end":{"line":221,"column":9}},{"start":{"line":219,"column":8},"end":{"line":221,"column":9}}]},"30":{"loc":{"start":{"line":222,"column":8},"end":{"line":224,"column":9}},"type":"if","locations":[{"start":{"line":222,"column":8},"end":{"line":224,"column":9}},{"start":{"line":222,"column":8},"end":{"line":224,"column":9}}]}},"s":{"0":1,"1":1,"2":1,"3":0,"4":0,"5":0,"6":0,"7":0,"8":0,"9":1,"10":1,"11":1,"12":1,"13":1,"14":0,"15":1,"16":0,"17":0,"18":0,"19":0,"20":0,"21":0,"22":0,"23":0,"24":0,"25":0,"26":0,"27":0,"28":0,"29":0,"30":0,"31":0,"32":0,"33":0,"34":0,"35":0,"36":0,"37":0,"38":0,"39":0,"40":0,"41":0,"42":0,"43":0,"44":0,"45":0,"46":0,"47":0,"48":0,"49":0,"50":0,"51":0,"52":0,"53":0,"54":0,"55":0,"56":0,"57":0,"58":0,"59":0,"60":0,"61":0,"62":0,"63":0,"64":0,"65":0,"66":0,"67":0,"68":0,"69":0,"70":0,"71":0,"72":0,"73":0,"74":0,"75":0,"76":0,"77":0,"78":0,"79":0,"80":0,"81":0,"82":0,"83":0,"84":0,"85":0,"86":0,"87":0,"88":0,"89":0,"90":0,"91":0,"92":0,"93":0,"94":0,"95":0},"f":{"0":0,"1":0,"2":0,"3":0,"4":0,"5":0,"6":0,"7":0,"8":0,"9":0,"10":0,"11":0,"12":0,"13":0},"b":{"0":[1,1,1,0],"1":[0,0],"2":[0,0],"3":[0,0],"4":[0,0],"5":[0,0],"6":[0,0],"7":[0,0],"8":[0,0],"9":[0,0],"10":[0,0],"11":[0,0],"12":[0,0],"13":[0,0],"14":[0,0],"15":[0,0],"16":[0,0],"17":[0,0],"18":[0,0],"19":[0,0],"20":[0,0],"21":[0,0],"22":[0,0],"23":[0,0],"24":[0,0],"25":[0,0],"26":[0,0],"27":[0,0],"28":[0,0],"29":[0,0],"30":[0,0]},"_coverageSchema":"332fd63041d2c1bcb487cc26dd0d5f7d97098a6c","hash":"60a6d7875657d3c324b5aad27b9b337f2cc80ec8"}
,"/Users/braden/projects/fnx/src/core/identifiers.ts": {"path":"/Users/braden/projects/fnx/src/core/identifiers.ts","statementMap":{"0":{"start":{"line":1,"column":13},"end":{"line":1,"column":42}},"1":{"start":{"line":1,"column":42},"end":{"line":1,"column":55}},"2":{"start":{"line":2,"column":0},"end":{"line":2,"column":62}},"3":{"start":{"line":3,"column":0},"end":{"line":16,"column":2}}},"fnMap":{},"branchMap":{},"s":{"0":1,"1":1,"2":1,"3":1},"f":{},"b":{},"_coverageSchema":"332fd63041d2c1bcb487cc26dd0d5f7d97098a6c","hash":"d17fd8a9c5011d851009ea53f3937b766732b53d"}
,"/Users/braden/projects/fnx/src/core/index.ts": {"path":"/Users/braden/projects/fnx/src/core/index.ts","statementMap":{"0":{"start":{"line":1,"column":13},"end":{"line":1,"column":42}},"1":{"start":{"line":1,"column":42},"end":{"line":1,"column":55}},"2":{"start":{"line":3,"column":4},"end":{"line":3,"column":71}},"3":{"start":{"line":3,"column":21},"end":{"line":3,"column":71}},"4":{"start":{"line":3,"column":53},"end":{"line":3,"column":71}},"5":{"start":{"line":5,"column":0},"end":{"line":5,"column":62}},"6":{"start":{"line":6,"column":0},"end":{"line":6,"column":35}},"7":{"start":{"line":7,"column":0},"end":{"line":7,"column":29}},"8":{"start":{"line":8,"column":0},"end":{"line":8,"column":35}}},"fnMap":{"0":{"name":"__export","decl":{"start":{"line":2,"column":9},"end":{"line":2,"column":17}},"loc":{"start":{"line":2,"column":21},"end":{"line":4,"column":1}}}},"branchMap":{"0":{"loc":{"start":{"line":3,"column":21},"end":{"line":3,"column":71}},"type":"if","locations":[{"start":{"line":3,"column":21},"end":{"line":3,"column":71}},{"start":{"line":3,"column":21},"end":{"line":3,"column":71}}]}},"s":{"0":1,"1":1,"2":3,"3":2,"4":2,"5":1,"6":1,"7":1,"8":1},"f":{"0":3},"b":{"0":[2,0]},"_coverageSchema":"332fd63041d2c1bcb487cc26dd0d5f7d97098a6c","hash":"16014daa4da7845d029b7764d67fb77b2f22fba3"}
,"/Users/braden/projects/fnx/src/core/types.ts": {"path":"/Users/braden/projects/fnx/src/core/types.ts","statementMap":{"0":{"start":{"line":1,"column":13},"end":{"line":1,"column":42}},"1":{"start":{"line":1,"column":42},"end":{"line":1,"column":55}},"2":{"start":{"line":2,"column":0},"end":{"line":2,"column":62}}},"fnMap":{},"branchMap":{},"s":{"0":1,"1":1,"2":1},"f":{},"b":{},"_coverageSchema":"332fd63041d2c1bcb487cc26dd0d5f7d97098a6c","hash":"a11c6cc87cbf98e112222fce539f728dea6b8116"}
,"/Users/braden/projects/fnx/src/errors/index.ts": {"path":"/Users/braden/projects/fnx/src/errors/index.ts","statementMap":{"0":{"start":{"line":1,"column":13},"end":{"line":1,"column":42}},"1":{"start":{"line":1,"column":42},"end":{"line":1,"column":55}},"2":{"start":{"line":2,"column":16},"end":{"line":11,"column":4}},"3":{"start":{"line":3,"column":24},"end":{"line":5,"column":82}},"4":{"start":{"line":4,"column":65},"end":{"line":4,"column":81}},"5":{"start":{"line":5,"column":26},"end":{"line":5,"column":80}},"6":{"start":{"line":5,"column":43},"end":{"line":5,"column":80}},"7":{"start":{"line":5,"column":68},"end":{"line":5,"column":80}},"8":{"start":{"line":6,"column":4},"end":{"line":10,"column":6}},"9":{"start":{"line":7,"column":8},"end":{"line":7,"column":28}},"10":{"start":{"line":8,"column":24},"end":{"line":8,"column":45}},"11":{"start":{"line":9,"column":8},"end":{"line":9,"column":93}},"12":{"start":{"line":12,"column":0},"end":{"line":12,"column":62}},"13":{"start":{"line":13,"column":31},"end":{"line":21,"column":8}},"14":{"start":{"line":14,"column":4},"end":{"line":14,"column":47}},"15":{"start":{"line":16,"column":20},"end":{"line":16,"column":45}},"16":{"start":{"line":17,"column":8},"end":{"line":17,"column":45}},"17":{"start":{"line":18,"column":8},"end":{"line":18,"column":21}},"18":{"start":{"line":20,"column":4},"end":{"line":20,"column":35}},"19":{"start":{"line":22,"column":0},"end":{"line":22,"column":58}},"20":{"start":{"line":23,"column":42},"end":{"line":31,"column":8}},"21":{"start":{"line":24,"column":4},"end":{"line":24,"column":58}},"22":{"start":{"line":26,"column":20},"end":{"line":26,"column":45}},"23":{"start":{"line":27,"column":8},"end":{"line":27,"column":40}},"24":{"start":{"line":28,"column":8},"end":{"line":28,"column":21}},"25":{"start":{"line":30,"column":4},"end":{"line":30,"column":46}},"26":{"start":{"line":32,"column":0},"end":{"line":32,"column":80}},"27":{"start":{"line":33,"column":40},"end":{"line":41,"column":8}},"28":{"start":{"line":34,"column":4},"end":{"line":34,"column":56}},"29":{"start":{"line":36,"column":20},"end":{"line":36,"column":45}},"30":{"start":{"line":37,"column":8},"end":{"line":37,"column":38}},"31":{"start":{"line":38,"column":8},"end":{"line":38,"column":21}},"32":{"start":{"line":40,"column":4},"end":{"line":40,"column":44}},"33":{"start":{"line":42,"column":0},"end":{"line":42,"column":76}},"34":{"start":{"line":43,"column":39},"end":{"line":51,"column":8}},"35":{"start":{"line":44,"column":4},"end":{"line":44,"column":55}},"36":{"start":{"line":46,"column":20},"end":{"line":46,"column":45}},"37":{"start":{"line":47,"column":8},"end":{"line":47,"column":50}},"38":{"start":{"line":48,"column":8},"end":{"line":48,"column":21}},"39":{"start":{"line":50,"column":4},"end":{"line":50,"column":43}},"40":{"start":{"line":52,"column":0},"end":{"line":52,"column":74}},"41":{"start":{"line":53,"column":41},"end":{"line":61,"column":8}},"42":{"start":{"line":54,"column":4},"end":{"line":54,"column":57}},"43":{"start":{"line":56,"column":20},"end":{"line":56,"column":45}},"44":{"start":{"line":57,"column":8},"end":{"line":57,"column":35}},"45":{"start":{"line":58,"column":8},"end":{"line":58,"column":21}},"46":{"start":{"line":60,"column":4},"end":{"line":60,"column":45}},"47":{"start":{"line":62,"column":0},"end":{"line":62,"column":78}},"48":{"start":{"line":63,"column":26},"end":{"line":69,"column":8}},"49":{"start":{"line":64,"column":4},"end":{"line":64,"column":42}},"50":{"start":{"line":66,"column":8},"end":{"line":66,"column":72}},"51":{"start":{"line":68,"column":4},"end":{"line":68,"column":30}},"52":{"start":{"line":70,"column":0},"end":{"line":70,"column":48}},"53":{"start":{"line":71,"column":34},"end":{"line":77,"column":8}},"54":{"start":{"line":72,"column":4},"end":{"line":72,"column":50}},"55":{"start":{"line":74,"column":8},"end":{"line":74,"column":72}},"56":{"start":{"line":76,"column":4},"end":{"line":76,"column":38}},"57":{"start":{"line":78,"column":0},"end":{"line":78,"column":64}},"58":{"start":{"line":79,"column":36},"end":{"line":85,"column":8}},"59":{"start":{"line":80,"column":4},"end":{"line":80,"column":52}},"60":{"start":{"line":82,"column":8},"end":{"line":82,"column":72}},"61":{"start":{"line":84,"column":4},"end":{"line":84,"column":40}},"62":{"start":{"line":86,"column":0},"end":{"line":86,"column":68}},"63":{"start":{"line":87,"column":24},"end":{"line":93,"column":8}},"64":{"start":{"line":88,"column":4},"end":{"line":88,"column":40}},"65":{"start":{"line":90,"column":8},"end":{"line":90,"column":72}},"66":{"start":{"line":92,"column":4},"end":{"line":92,"column":28}},"67":{"start":{"line":94,"column":0},"end":{"line":94,"column":44}},"68":{"start":{"line":95,"column":32},"end":{"line":101,"column":8}},"69":{"start":{"line":96,"column":4},"end":{"line":96,"column":48}},"70":{"start":{"line":98,"column":8},"end":{"line":98,"column":72}},"71":{"start":{"line":100,"column":4},"end":{"line":100,"column":36}},"72":{"start":{"line":102,"column":0},"end":{"line":102,"column":60}},"73":{"start":{"line":103,"column":34},"end":{"line":109,"column":8}},"74":{"start":{"line":104,"column":4},"end":{"line":104,"column":50}},"75":{"start":{"line":106,"column":8},"end":{"line":106,"column":72}},"76":{"start":{"line":108,"column":4},"end":{"line":108,"column":38}},"77":{"start":{"line":110,"column":0},"end":{"line":110,"column":64}},"78":{"start":{"line":111,"column":24},"end":{"line":117,"column":8}},"79":{"start":{"line":112,"column":4},"end":{"line":112,"column":40}},"80":{"start":{"line":114,"column":8},"end":{"line":114,"column":72}},"81":{"start":{"line":116,"column":4},"end":{"line":116,"column":28}},"82":{"start":{"line":118,"column":0},"end":{"line":118,"column":44}},"83":{"start":{"line":119,"column":32},"end":{"line":125,"column":8}},"84":{"start":{"line":120,"column":4},"end":{"line":120,"column":48}},"85":{"start":{"line":122,"column":8},"end":{"line":122,"column":72}},"86":{"start":{"line":124,"column":4},"end":{"line":124,"column":36}},"87":{"start":{"line":126,"column":0},"end":{"line":126,"column":60}},"88":{"start":{"line":127,"column":34},"end":{"line":133,"column":8}},"89":{"start":{"line":128,"column":4},"end":{"line":128,"column":50}},"90":{"start":{"line":130,"column":8},"end":{"line":130,"column":72}},"91":{"start":{"line":132,"column":4},"end":{"line":132,"column":38}},"92":{"start":{"line":134,"column":0},"end":{"line":134,"column":64}},"93":{"start":{"line":135,"column":37},"end":{"line":141,"column":8}},"94":{"start":{"line":136,"column":4},"end":{"line":136,"column":53}},"95":{"start":{"line":138,"column":8},"end":{"line":138,"column":72}},"96":{"start":{"line":140,"column":4},"end":{"line":140,"column":41}},"97":{"start":{"line":142,"column":0},"end":{"line":142,"column":70}},"98":{"start":{"line":143,"column":39},"end":{"line":149,"column":8}},"99":{"start":{"line":144,"column":4},"end":{"line":144,"column":55}},"100":{"start":{"line":146,"column":8},"end":{"line":146,"column":72}},"101":{"start":{"line":148,"column":4},"end":{"line":148,"column":43}},"102":{"start":{"line":150,"column":0},"end":{"line":150,"column":74}},"103":{"start":{"line":151,"column":51},"end":{"line":157,"column":8}},"104":{"start":{"line":152,"column":4},"end":{"line":152,"column":67}},"105":{"start":{"line":154,"column":8},"end":{"line":154,"column":72}},"106":{"start":{"line":156,"column":4},"end":{"line":156,"column":55}},"107":{"start":{"line":158,"column":0},"end":{"line":158,"column":98}},"108":{"start":{"line":159,"column":53},"end":{"line":165,"column":8}},"109":{"start":{"line":160,"column":4},"end":{"line":160,"column":69}},"110":{"start":{"line":162,"column":8},"end":{"line":162,"column":72}},"111":{"start":{"line":164,"column":4},"end":{"line":164,"column":57}},"112":{"start":{"line":166,"column":0},"end":{"line":166,"column":102}}},"fnMap":{"0":{"name":"(anonymous_0)","decl":{"start":{"line":2,"column":45},"end":{"line":2,"column":46}},"loc":{"start":{"line":2,"column":57},"end":{"line":11,"column":1}}},"1":{"name":"(anonymous_1)","decl":{"start":{"line":4,"column":47},"end":{"line":4,"column":48}},"loc":{"start":{"line":4,"column":63},"end":{"line":4,"column":83}}},"2":{"name":"(anonymous_2)","decl":{"start":{"line":5,"column":8},"end":{"line":5,"column":9}},"loc":{"start":{"line":5,"column":24},"end":{"line":5,"column":82}}},"3":{"name":"(anonymous_3)","decl":{"start":{"line":6,"column":11},"end":{"line":6,"column":12}},"loc":{"start":{"line":6,"column":27},"end":{"line":10,"column":5}}},"4":{"name":"__","decl":{"start":{"line":8,"column":17},"end":{"line":8,"column":19}},"loc":{"start":{"line":8,"column":22},"end":{"line":8,"column":47}}},"5":{"name":"(anonymous_5)","decl":{"start":{"line":13,"column":31},"end":{"line":13,"column":32}},"loc":{"start":{"line":13,"column":49},"end":{"line":21,"column":1}}},"6":{"name":"TypeofObjectNotFunction","decl":{"start":{"line":15,"column":13},"end":{"line":15,"column":36}},"loc":{"start":{"line":15,"column":62},"end":{"line":19,"column":5}}},"7":{"name":"(anonymous_7)","decl":{"start":{"line":23,"column":42},"end":{"line":23,"column":43}},"loc":{"start":{"line":23,"column":60},"end":{"line":31,"column":1}}},"8":{"name":"UnexpectedPropertyFoundOnPrototype","decl":{"start":{"line":25,"column":13},"end":{"line":25,"column":47}},"loc":{"start":{"line":25,"column":68},"end":{"line":29,"column":5}}},"9":{"name":"(anonymous_9)","decl":{"start":{"line":33,"column":40},"end":{"line":33,"column":41}},"loc":{"start":{"line":33,"column":58},"end":{"line":41,"column":1}}},"10":{"name":"UnexpectedSymbolFoundOnPrototype","decl":{"start":{"line":35,"column":13},"end":{"line":35,"column":45}},"loc":{"start":{"line":35,"column":64},"end":{"line":39,"column":5}}},"11":{"name":"(anonymous_11)","decl":{"start":{"line":43,"column":39},"end":{"line":43,"column":40}},"loc":{"start":{"line":43,"column":57},"end":{"line":51,"column":1}}},"12":{"name":"TypeofInstancePropertyNotObject","decl":{"start":{"line":45,"column":13},"end":{"line":45,"column":44}},"loc":{"start":{"line":45,"column":75},"end":{"line":49,"column":5}}},"13":{"name":"(anonymous_13)","decl":{"start":{"line":53,"column":41},"end":{"line":53,"column":42}},"loc":{"start":{"line":53,"column":59},"end":{"line":61,"column":1}}},"14":{"name":"InvalidInstancePropertyIdentifier","decl":{"start":{"line":55,"column":13},"end":{"line":55,"column":46}},"loc":{"start":{"line":55,"column":62},"end":{"line":59,"column":5}}},"15":{"name":"(anonymous_15)","decl":{"start":{"line":63,"column":26},"end":{"line":63,"column":27}},"loc":{"start":{"line":63,"column":44},"end":{"line":69,"column":1}}},"16":{"name":"InvalidArrayOfType","decl":{"start":{"line":65,"column":13},"end":{"line":65,"column":31}},"loc":{"start":{"line":65,"column":34},"end":{"line":67,"column":5}}},"17":{"name":"(anonymous_17)","decl":{"start":{"line":71,"column":34},"end":{"line":71,"column":35}},"loc":{"start":{"line":71,"column":52},"end":{"line":77,"column":1}}},"18":{"name":"ActionIsInvalidArrayOfType","decl":{"start":{"line":73,"column":13},"end":{"line":73,"column":39}},"loc":{"start":{"line":73,"column":42},"end":{"line":75,"column":5}}},"19":{"name":"(anonymous_19)","decl":{"start":{"line":79,"column":36},"end":{"line":79,"column":37}},"loc":{"start":{"line":79,"column":54},"end":{"line":85,"column":1}}},"20":{"name":"ComputedIsInvalidArrayOfType","decl":{"start":{"line":81,"column":13},"end":{"line":81,"column":41}},"loc":{"start":{"line":81,"column":44},"end":{"line":83,"column":5}}},"21":{"name":"(anonymous_21)","decl":{"start":{"line":87,"column":24},"end":{"line":87,"column":25}},"loc":{"start":{"line":87,"column":42},"end":{"line":93,"column":1}}},"22":{"name":"InvalidMapOfType","decl":{"start":{"line":89,"column":13},"end":{"line":89,"column":29}},"loc":{"start":{"line":89,"column":32},"end":{"line":91,"column":5}}},"23":{"name":"(anonymous_23)","decl":{"start":{"line":95,"column":32},"end":{"line":95,"column":33}},"loc":{"start":{"line":95,"column":50},"end":{"line":101,"column":1}}},"24":{"name":"ActionIsInvalidMapOfType","decl":{"start":{"line":97,"column":13},"end":{"line":97,"column":37}},"loc":{"start":{"line":97,"column":40},"end":{"line":99,"column":5}}},"25":{"name":"(anonymous_25)","decl":{"start":{"line":103,"column":34},"end":{"line":103,"column":35}},"loc":{"start":{"line":103,"column":52},"end":{"line":109,"column":1}}},"26":{"name":"ComputedIsInvalidMapOfType","decl":{"start":{"line":105,"column":13},"end":{"line":105,"column":39}},"loc":{"start":{"line":105,"column":42},"end":{"line":107,"column":5}}},"27":{"name":"(anonymous_27)","decl":{"start":{"line":111,"column":24},"end":{"line":111,"column":25}},"loc":{"start":{"line":111,"column":42},"end":{"line":117,"column":1}}},"28":{"name":"InvalidOneOfType","decl":{"start":{"line":113,"column":13},"end":{"line":113,"column":29}},"loc":{"start":{"line":113,"column":32},"end":{"line":115,"column":5}}},"29":{"name":"(anonymous_29)","decl":{"start":{"line":119,"column":32},"end":{"line":119,"column":33}},"loc":{"start":{"line":119,"column":50},"end":{"line":125,"column":1}}},"30":{"name":"ActionIsInvalidOneOfType","decl":{"start":{"line":121,"column":13},"end":{"line":121,"column":37}},"loc":{"start":{"line":121,"column":40},"end":{"line":123,"column":5}}},"31":{"name":"(anonymous_31)","decl":{"start":{"line":127,"column":34},"end":{"line":127,"column":35}},"loc":{"start":{"line":127,"column":52},"end":{"line":133,"column":1}}},"32":{"name":"ComputedIsInvalidOneOfType","decl":{"start":{"line":129,"column":13},"end":{"line":129,"column":39}},"loc":{"start":{"line":129,"column":42},"end":{"line":131,"column":5}}},"33":{"name":"(anonymous_33)","decl":{"start":{"line":135,"column":37},"end":{"line":135,"column":38}},"loc":{"start":{"line":135,"column":55},"end":{"line":141,"column":1}}},"34":{"name":"ActionFactoryExpectedFunction","decl":{"start":{"line":137,"column":13},"end":{"line":137,"column":42}},"loc":{"start":{"line":137,"column":45},"end":{"line":139,"column":5}}},"35":{"name":"(anonymous_35)","decl":{"start":{"line":143,"column":39},"end":{"line":143,"column":40}},"loc":{"start":{"line":143,"column":57},"end":{"line":149,"column":1}}},"36":{"name":"ComputedFactoryExpectedFunction","decl":{"start":{"line":145,"column":13},"end":{"line":145,"column":44}},"loc":{"start":{"line":145,"column":47},"end":{"line":147,"column":5}}},"37":{"name":"(anonymous_37)","decl":{"start":{"line":151,"column":51},"end":{"line":151,"column":52}},"loc":{"start":{"line":151,"column":69},"end":{"line":157,"column":1}}},"38":{"name":"ComplexFactoryExpectedFunctionForSerializer","decl":{"start":{"line":153,"column":13},"end":{"line":153,"column":56}},"loc":{"start":{"line":153,"column":59},"end":{"line":155,"column":5}}},"39":{"name":"(anonymous_39)","decl":{"start":{"line":159,"column":53},"end":{"line":159,"column":54}},"loc":{"start":{"line":159,"column":71},"end":{"line":165,"column":1}}},"40":{"name":"ComplexFactoryExpectedFunctionForDeserializer","decl":{"start":{"line":161,"column":13},"end":{"line":161,"column":58}},"loc":{"start":{"line":161,"column":61},"end":{"line":163,"column":5}}}},"branchMap":{"0":{"loc":{"start":{"line":2,"column":16},"end":{"line":11,"column":4}},"type":"binary-expr","locations":[{"start":{"line":2,"column":17},"end":{"line":2,"column":21}},{"start":{"line":2,"column":25},"end":{"line":2,"column":39}},{"start":{"line":2,"column":44},"end":{"line":11,"column":4}}]},"1":{"loc":{"start":{"line":3,"column":24},"end":{"line":5,"column":82}},"type":"binary-expr","locations":[{"start":{"line":3,"column":24},"end":{"line":3,"column":45}},{"start":{"line":4,"column":9},"end":{"line":4,"column":43}},{"start":{"line":4,"column":47},"end":{"line":4,"column":83}},{"start":{"line":5,"column":8},"end":{"line":5,"column":82}}]},"2":{"loc":{"start":{"line":5,"column":43},"end":{"line":5,"column":80}},"type":"if","locations":[{"start":{"line":5,"column":43},"end":{"line":5,"column":80}},{"start":{"line":5,"column":43},"end":{"line":5,"column":80}}]},"3":{"loc":{"start":{"line":9,"column":22},"end":{"line":9,"column":92}},"type":"cond-expr","locations":[{"start":{"line":9,"column":35},"end":{"line":9,"column":51}},{"start":{"line":9,"column":55},"end":{"line":9,"column":91}}]},"4":{"loc":{"start":{"line":16,"column":20},"end":{"line":16,"column":45}},"type":"binary-expr","locations":[{"start":{"line":16,"column":20},"end":{"line":16,"column":37}},{"start":{"line":16,"column":41},"end":{"line":16,"column":45}}]},"5":{"loc":{"start":{"line":26,"column":20},"end":{"line":26,"column":45}},"type":"binary-expr","locations":[{"start":{"line":26,"column":20},"end":{"line":26,"column":37}},{"start":{"line":26,"column":41},"end":{"line":26,"column":45}}]},"6":{"loc":{"start":{"line":36,"column":20},"end":{"line":36,"column":45}},"type":"binary-expr","locations":[{"start":{"line":36,"column":20},"end":{"line":36,"column":37}},{"start":{"line":36,"column":41},"end":{"line":36,"column":45}}]},"7":{"loc":{"start":{"line":46,"column":20},"end":{"line":46,"column":45}},"type":"binary-expr","locations":[{"start":{"line":46,"column":20},"end":{"line":46,"column":37}},{"start":{"line":46,"column":41},"end":{"line":46,"column":45}}]},"8":{"loc":{"start":{"line":56,"column":20},"end":{"line":56,"column":45}},"type":"binary-expr","locations":[{"start":{"line":56,"column":20},"end":{"line":56,"column":37}},{"start":{"line":56,"column":41},"end":{"line":56,"column":45}}]},"9":{"loc":{"start":{"line":66,"column":15},"end":{"line":66,"column":71}},"type":"binary-expr","locations":[{"start":{"line":66,"column":15},"end":{"line":66,"column":30}},{"start":{"line":66,"column":34},"end":{"line":66,"column":63}},{"start":{"line":66,"column":67},"end":{"line":66,"column":71}}]},"10":{"loc":{"start":{"line":74,"column":15},"end":{"line":74,"column":71}},"type":"binary-expr","locations":[{"start":{"line":74,"column":15},"end":{"line":74,"column":30}},{"start":{"line":74,"column":34},"end":{"line":74,"column":63}},{"start":{"line":74,"column":67},"end":{"line":74,"column":71}}]},"11":{"loc":{"start":{"line":82,"column":15},"end":{"line":82,"column":71}},"type":"binary-expr","locations":[{"start":{"line":82,"column":15},"end":{"line":82,"column":30}},{"start":{"line":82,"column":34},"end":{"line":82,"column":63}},{"start":{"line":82,"column":67},"end":{"line":82,"column":71}}]},"12":{"loc":{"start":{"line":90,"column":15},"end":{"line":90,"column":71}},"type":"binary-expr","locations":[{"start":{"line":90,"column":15},"end":{"line":90,"column":30}},{"start":{"line":90,"column":34},"end":{"line":90,"column":63}},{"start":{"line":90,"column":67},"end":{"line":90,"column":71}}]},"13":{"loc":{"start":{"line":98,"column":15},"end":{"line":98,"column":71}},"type":"binary-expr","locations":[{"start":{"line":98,"column":15},"end":{"line":98,"column":30}},{"start":{"line":98,"column":34},"end":{"line":98,"column":63}},{"start":{"line":98,"column":67},"end":{"line":98,"column":71}}]},"14":{"loc":{"start":{"line":106,"column":15},"end":{"line":106,"column":71}},"type":"binary-expr","locations":[{"start":{"line":106,"column":15},"end":{"line":106,"column":30}},{"start":{"line":106,"column":34},"end":{"line":106,"column":63}},{"start":{"line":106,"column":67},"end":{"line":106,"column":71}}]},"15":{"loc":{"start":{"line":114,"column":15},"end":{"line":114,"column":71}},"type":"binary-expr","locations":[{"start":{"line":114,"column":15},"end":{"line":114,"column":30}},{"start":{"line":114,"column":34},"end":{"line":114,"column":63}},{"start":{"line":114,"column":67},"end":{"line":114,"column":71}}]},"16":{"loc":{"start":{"line":122,"column":15},"end":{"line":122,"column":71}},"type":"binary-expr","locations":[{"start":{"line":122,"column":15},"end":{"line":122,"column":30}},{"start":{"line":122,"column":34},"end":{"line":122,"column":63}},{"start":{"line":122,"column":67},"end":{"line":122,"column":71}}]},"17":{"loc":{"start":{"line":130,"column":15},"end":{"line":130,"column":71}},"type":"binary-expr","locations":[{"start":{"line":130,"column":15},"end":{"line":130,"column":30}},{"start":{"line":130,"column":34},"end":{"line":130,"column":63}},{"start":{"line":130,"column":67},"end":{"line":130,"column":71}}]},"18":{"loc":{"start":{"line":138,"column":15},"end":{"line":138,"column":71}},"type":"binary-expr","locations":[{"start":{"line":138,"column":15},"end":{"line":138,"column":30}},{"start":{"line":138,"column":34},"end":{"line":138,"column":63}},{"start":{"line":138,"column":67},"end":{"line":138,"column":71}}]},"19":{"loc":{"start":{"line":146,"column":15},"end":{"line":146,"column":71}},"type":"binary-expr","locations":[{"start":{"line":146,"column":15},"end":{"line":146,"column":30}},{"start":{"line":146,"column":34},"end":{"line":146,"column":63}},{"start":{"line":146,"column":67},"end":{"line":146,"column":71}}]},"20":{"loc":{"start":{"line":154,"column":15},"end":{"line":154,"column":71}},"type":"binary-expr","locations":[{"start":{"line":154,"column":15},"end":{"line":154,"column":30}},{"start":{"line":154,"column":34},"end":{"line":154,"column":63}},{"start":{"line":154,"column":67},"end":{"line":154,"column":71}}]},"21":{"loc":{"start":{"line":162,"column":15},"end":{"line":162,"column":71}},"type":"binary-expr","locations":[{"start":{"line":162,"column":15},"end":{"line":162,"column":30}},{"start":{"line":162,"column":34},"end":{"line":162,"column":63}},{"start":{"line":162,"column":67},"end":{"line":162,"column":71}}]}},"s":{"0":1,"1":1,"2":1,"3":1,"4":0,"5":0,"6":0,"7":0,"8":1,"9":18,"10":18,"11":18,"12":1,"13":1,"14":1,"15":0,"16":0,"17":0,"18":1,"19":1,"20":1,"21":1,"22":0,"23":0,"24":0,"25":1,"26":1,"27":1,"28":1,"29":0,"30":0,"31":0,"32":1,"33":1,"34":1,"35":1,"36":0,"37":0,"38":0,"39":1,"40":1,"41":1,"42":1,"43":0,"44":0,"45":0,"46":1,"47":1,"48":1,"49":1,"50":0,"51":1,"52":1,"53":1,"54":1,"55":0,"56":1,"57":1,"58":1,"59":1,"60":0,"61":1,"62":1,"63":1,"64":1,"65":0,"66":1,"67":1,"68":1,"69":1,"70":0,"71":1,"72":1,"73":1,"74":1,"75":0,"76":1,"77":1,"78":1,"79":1,"80":0,"81":1,"82":1,"83":1,"84":1,"85":0,"86":1,"87":1,"88":1,"89":1,"90":0,"91":1,"92":1,"93":1,"94":1,"95":0,"96":1,"97":1,"98":1,"99":1,"100":0,"101":1,"102":1,"103":1,"104":1,"105":0,"106":1,"107":1,"108":1,"109":1,"110":0,"111":1,"112":1},"f":{"0":1,"1":0,"2":0,"3":18,"4":18,"5":1,"6":0,"7":1,"8":0,"9":1,"10":0,"11":1,"12":0,"13":1,"14":0,"15":1,"16":0,"17":1,"18":0,"19":1,"20":0,"21":1,"22":0,"23":1,"24":0,"25":1,"26":0,"27":1,"28":0,"29":1,"30":0,"31":1,"32":0,"33":1,"34":0,"35":1,"36":0,"37":1,"38":0,"39":1,"40":0},"b":{"0":[1,1,1],"1":[1,0,0,0],"2":[0,0],"3":[0,18],"4":[0,0],"5":[0,0],"6":[0,0],"7":[0,0],"8":[0,0],"9":[0,0,0],"10":[0,0,0],"11":[0,0,0],"12":[0,0,0],"13":[0,0,0],"14":[0,0,0],"15":[0,0,0],"16":[0,0,0],"17":[0,0,0],"18":[0,0,0],"19":[0,0,0],"20":[0,0,0],"21":[0,0,0]},"_coverageSchema":"332fd63041d2c1bcb487cc26dd0d5f7d97098a6c","hash":"d54d7d21458e5c040d4e9aba90b8149091bbd7f3"}
}
