TN:
SF:/Users/braden/projects/fnx/src/api/action.ts
FN:4,action
FNF:1
FNH:1
FNDA:1,action
DA:1,1
DA:2,1
DA:3,1
DA:5,1
DA:8,1
DA:10,1
LF:6
LH:6
BRF:0
BRH:0
end_of_record
TN:
SF:/Users/braden/projects/fnx/src/core/description.ts
FN:2,(anonymous_0)
FN:32,parseDescription
FN:44,parseObjectDescriptor
FN:86,(anonymous_3)
FN:90,(anonymous_4)
FN:98,(anonymous_5)
FN:132,parseActionDescriptor
FN:142,parseArrayOfDescriptor
FN:161,parseComplexDescriptor
FN:174,parseComputedDescriptor
FN:184,parseMapOfDescriptor
FN:203,parsePrimitiveDescriptor
FN:210,parseOneOfDescriptor
FN:211,(anonymous_13)
FNF:14
FNH:0
FNDA:0,(anonymous_0)
FNDA:0,parseDescription
FNDA:0,parseObjectDescriptor
FNDA:0,(anonymous_3)
FNDA:0,(anonymous_4)
FNDA:0,(anonymous_5)
FNDA:0,parseActionDescriptor
FNDA:0,parseArrayOfDescriptor
FNDA:0,parseComplexDescriptor
FNDA:0,parseComputedDescriptor
FNDA:0,parseMapOfDescriptor
FNDA:0,parsePrimitiveDescriptor
FNDA:0,parseOneOfDescriptor
FNDA:0,(anonymous_13)
DA:1,1
DA:2,1
DA:3,0
DA:4,0
DA:5,0
DA:6,0
DA:8,0
DA:10,1
DA:11,1
DA:12,1
DA:14,1
DA:27,1
DA:33,0
DA:39,1
DA:46,0
DA:47,0
DA:51,0
DA:52,0
DA:54,0
DA:56,0
DA:58,0
DA:59,0
DA:62,0
DA:64,0
DA:65,0
DA:67,0
DA:70,0
DA:71,0
DA:73,0
DA:76,0
DA:77,0
DA:81,0
DA:84,0
DA:86,0
DA:87,0
DA:90,0
DA:91,0
DA:94,0
DA:98,0
DA:100,0
DA:101,0
DA:104,0
DA:106,0
DA:108,0
DA:111,0
DA:112,0
DA:115,0
DA:117,0
DA:118,0
DA:121,0
DA:122,0
DA:124,0
DA:126,0
DA:133,0
DA:134,0
DA:136,0
DA:143,0
DA:144,0
DA:146,0
DA:147,0
DA:149,0
DA:150,0
DA:152,0
DA:153,0
DA:155,0
DA:162,0
DA:163,0
DA:165,0
DA:166,0
DA:168,0
DA:175,0
DA:176,0
DA:178,0
DA:185,0
DA:186,0
DA:188,0
DA:189,0
DA:191,0
DA:192,0
DA:194,0
DA:195,0
DA:197,0
DA:204,0
DA:211,0
DA:212,0
DA:213,0
DA:214,0
DA:216,0
DA:217,0
DA:219,0
DA:220,0
DA:222,0
DA:223,0
DA:226,0
LF:94
LH:8
BRDA:2,0,0,1
BRDA:2,0,1,1
BRDA:2,0,2,1
BRDA:2,0,3,0
BRDA:5,1,0,0
BRDA:5,1,1,0
BRDA:46,2,0,0
BRDA:46,2,1,0
BRDA:58,3,0,0
BRDA:58,3,1,0
BRDA:64,4,0,0
BRDA:64,4,1,0
BRDA:70,5,0,0
BRDA:70,5,1,0
BRDA:76,6,0,0
BRDA:76,6,1,0
BRDA:100,7,0,0
BRDA:100,7,1,0
BRDA:104,8,0,0
BRDA:104,8,1,0
BRDA:106,9,0,0
BRDA:106,9,1,0
BRDA:117,10,0,0
BRDA:117,10,1,0
BRDA:121,11,0,0
BRDA:121,11,1,0
BRDA:133,12,0,0
BRDA:133,12,1,0
BRDA:143,13,0,0
BRDA:143,13,1,0
BRDA:146,14,0,0
BRDA:146,14,1,0
BRDA:149,15,0,0
BRDA:149,15,1,0
BRDA:149,16,0,0
BRDA:149,16,1,0
BRDA:152,17,0,0
BRDA:152,17,1,0
BRDA:162,18,0,0
BRDA:162,18,1,0
BRDA:165,19,0,0
BRDA:165,19,1,0
BRDA:175,20,0,0
BRDA:175,20,1,0
BRDA:185,21,0,0
BRDA:185,21,1,0
BRDA:188,22,0,0
BRDA:188,22,1,0
BRDA:191,23,0,0
BRDA:191,23,1,0
BRDA:191,24,0,0
BRDA:191,24,1,0
BRDA:194,25,0,0
BRDA:194,25,1,0
BRDA:212,26,0,0
BRDA:212,26,1,0
BRDA:212,27,0,0
BRDA:212,27,1,0
BRDA:216,28,0,0
BRDA:216,28,1,0
BRDA:219,29,0,0
BRDA:219,29,1,0
BRDA:222,30,0,0
BRDA:222,30,1,0
BRF:64
BRH:3
end_of_record
TN:
SF:/Users/braden/projects/fnx/src/core/identifiers.ts
FNF:0
FNH:0
DA:1,1
DA:2,1
DA:3,1
LF:3
LH:3
BRF:0
BRH:0
end_of_record
TN:
SF:/Users/braden/projects/fnx/src/core/index.ts
FN:2,__export
FNF:1
FNH:1
FNDA:3,__export
DA:1,1
DA:3,3
DA:5,1
DA:6,1
DA:7,1
DA:8,1
LF:6
LH:6
BRDA:3,0,0,2
BRDA:3,0,1,0
BRF:2
BRH:1
end_of_record
TN:
SF:/Users/braden/projects/fnx/src/core/types.ts
FNF:0
FNH:0
DA:1,1
DA:2,1
LF:2
LH:2
BRF:0
BRH:0
end_of_record
TN:
SF:/Users/braden/projects/fnx/src/errors/index.ts
FN:2,(anonymous_0)
FN:4,(anonymous_1)
FN:5,(anonymous_2)
FN:6,(anonymous_3)
FN:8,__
FN:13,(anonymous_5)
FN:15,TypeofObjectNotFunction
FN:23,(anonymous_7)
FN:25,UnexpectedPropertyFoundOnPrototype
FN:33,(anonymous_9)
FN:35,UnexpectedSymbolFoundOnPrototype
FN:43,(anonymous_11)
FN:45,TypeofInstancePropertyNotObject
FN:53,(anonymous_13)
FN:55,InvalidInstancePropertyIdentifier
FN:63,(anonymous_15)
FN:65,InvalidArrayOfType
FN:71,(anonymous_17)
FN:73,ActionIsInvalidArrayOfType
FN:79,(anonymous_19)
FN:81,ComputedIsInvalidArrayOfType
FN:87,(anonymous_21)
FN:89,InvalidMapOfType
FN:95,(anonymous_23)
FN:97,ActionIsInvalidMapOfType
FN:103,(anonymous_25)
FN:105,ComputedIsInvalidMapOfType
FN:111,(anonymous_27)
FN:113,InvalidOneOfType
FN:119,(anonymous_29)
FN:121,ActionIsInvalidOneOfType
FN:127,(anonymous_31)
FN:129,ComputedIsInvalidOneOfType
FN:135,(anonymous_33)
FN:137,ActionFactoryExpectedFunction
FN:143,(anonymous_35)
FN:145,ComputedFactoryExpectedFunction
FN:151,(anonymous_37)
FN:153,ComplexFactoryExpectedFunctionForSerializer
FN:159,(anonymous_39)
FN:161,ComplexFactoryExpectedFunctionForDeserializer
FNF:41
FNH:21
FNDA:1,(anonymous_0)
FNDA:0,(anonymous_1)
FNDA:0,(anonymous_2)
FNDA:18,(anonymous_3)
FNDA:18,__
FNDA:1,(anonymous_5)
FNDA:0,TypeofObjectNotFunction
FNDA:1,(anonymous_7)
FNDA:0,UnexpectedPropertyFoundOnPrototype
FNDA:1,(anonymous_9)
FNDA:0,UnexpectedSymbolFoundOnPrototype
FNDA:1,(anonymous_11)
FNDA:0,TypeofInstancePropertyNotObject
FNDA:1,(anonymous_13)
FNDA:0,InvalidInstancePropertyIdentifier
FNDA:1,(anonymous_15)
FNDA:0,InvalidArrayOfType
FNDA:1,(anonymous_17)
FNDA:0,ActionIsInvalidArrayOfType
FNDA:1,(anonymous_19)
FNDA:0,ComputedIsInvalidArrayOfType
FNDA:1,(anonymous_21)
FNDA:0,InvalidMapOfType
FNDA:1,(anonymous_23)
FNDA:0,ActionIsInvalidMapOfType
FNDA:1,(anonymous_25)
FNDA:0,ComputedIsInvalidMapOfType
FNDA:1,(anonymous_27)
FNDA:0,InvalidOneOfType
FNDA:1,(anonymous_29)
FNDA:0,ActionIsInvalidOneOfType
FNDA:1,(anonymous_31)
FNDA:0,ComputedIsInvalidOneOfType
FNDA:1,(anonymous_33)
FNDA:0,ActionFactoryExpectedFunction
FNDA:1,(anonymous_35)
FNDA:0,ComputedFactoryExpectedFunction
FNDA:1,(anonymous_37)
FNDA:0,ComplexFactoryExpectedFunctionForSerializer
FNDA:1,(anonymous_39)
FNDA:0,ComplexFactoryExpectedFunctionForDeserializer
DA:1,1
DA:2,1
DA:3,1
DA:4,0
DA:5,0
DA:6,1
DA:7,18
DA:8,18
DA:9,18
DA:12,1
DA:13,1
DA:14,1
DA:16,0
DA:17,0
DA:18,0
DA:20,1
DA:22,1
DA:23,1
DA:24,1
DA:26,0
DA:27,0
DA:28,0
DA:30,1
DA:32,1
DA:33,1
DA:34,1
DA:36,0
DA:37,0
DA:38,0
DA:40,1
DA:42,1
DA:43,1
DA:44,1
DA:46,0
DA:47,0
DA:48,0
DA:50,1
DA:52,1
DA:53,1
DA:54,1
DA:56,0
DA:57,0
DA:58,0
DA:60,1
DA:62,1
DA:63,1
DA:64,1
DA:66,0
DA:68,1
DA:70,1
DA:71,1
DA:72,1
DA:74,0
DA:76,1
DA:78,1
DA:79,1
DA:80,1
DA:82,0
DA:84,1
DA:86,1
DA:87,1
DA:88,1
DA:90,0
DA:92,1
DA:94,1
DA:95,1
DA:96,1
DA:98,0
DA:100,1
DA:102,1
DA:103,1
DA:104,1
DA:106,0
DA:108,1
DA:110,1
DA:111,1
DA:112,1
DA:114,0
DA:116,1
DA:118,1
DA:119,1
DA:120,1
DA:122,0
DA:124,1
DA:126,1
DA:127,1
DA:128,1
DA:130,0
DA:132,1
DA:134,1
DA:135,1
DA:136,1
DA:138,0
DA:140,1
DA:142,1
DA:143,1
DA:144,1
DA:146,0
DA:148,1
DA:150,1
DA:151,1
DA:152,1
DA:154,0
DA:156,1
DA:158,1
DA:159,1
DA:160,1
DA:162,0
DA:164,1
DA:166,1
LF:110
LH:80
BRDA:2,0,0,1
BRDA:2,0,1,1
BRDA:2,0,2,1
BRDA:3,1,0,1
BRDA:3,1,1,0
BRDA:3,1,2,0
BRDA:3,1,3,0
BRDA:5,2,0,0
BRDA:5,2,1,0
BRDA:9,3,0,0
BRDA:9,3,1,18
BRDA:16,4,0,0
BRDA:16,4,1,0
BRDA:26,5,0,0
BRDA:26,5,1,0
BRDA:36,6,0,0
BRDA:36,6,1,0
BRDA:46,7,0,0
BRDA:46,7,1,0
BRDA:56,8,0,0
BRDA:56,8,1,0
BRDA:66,9,0,0
BRDA:66,9,1,0
BRDA:66,9,2,0
BRDA:74,10,0,0
BRDA:74,10,1,0
BRDA:74,10,2,0
BRDA:82,11,0,0
BRDA:82,11,1,0
BRDA:82,11,2,0
BRDA:90,12,0,0
BRDA:90,12,1,0
BRDA:90,12,2,0
BRDA:98,13,0,0
BRDA:98,13,1,0
BRDA:98,13,2,0
BRDA:106,14,0,0
BRDA:106,14,1,0
BRDA:106,14,2,0
BRDA:114,15,0,0
BRDA:114,15,1,0
BRDA:114,15,2,0
BRDA:122,16,0,0
BRDA:122,16,1,0
BRDA:122,16,2,0
BRDA:130,17,0,0
BRDA:130,17,1,0
BRDA:130,17,2,0
BRDA:138,18,0,0
BRDA:138,18,1,0
BRDA:138,18,2,0
BRDA:146,19,0,0
BRDA:146,19,1,0
BRDA:146,19,2,0
BRDA:154,20,0,0
BRDA:154,20,1,0
BRDA:154,20,2,0
BRDA:162,21,0,0
BRDA:162,21,1,0
BRDA:162,21,2,0
BRF:60
BRH:5
end_of_record
